c:\users\edvin\documents\github\breakout\breakout\breakout\release\vc140.pdb
c:\users\edvin\documents\github\breakout\breakout\breakout\release\window.obj
c:\users\edvin\documents\github\breakout\breakout\breakout\release\timer.obj
c:\users\edvin\documents\github\breakout\breakout\breakout\release\texture.obj
c:\users\edvin\documents\github\breakout\breakout\breakout\release\textrender.obj
c:\users\edvin\documents\github\breakout\breakout\breakout\release\piece.obj
c:\users\edvin\documents\github\breakout\breakout\breakout\release\paddle.obj
c:\users\edvin\documents\github\breakout\breakout\breakout\release\mediamanager.obj
c:\users\edvin\documents\github\breakout\breakout\breakout\release\main.obj
c:\users\edvin\documents\github\breakout\breakout\breakout\release\inputmanager.obj
c:\users\edvin\documents\github\breakout\breakout\breakout\release\gamemanager.obj
c:\users\edvin\documents\github\breakout\breakout\breakout\release\board.obj
c:\users\edvin\documents\github\breakout\breakout\breakout\release\ball.obj
c:\users\edvin\documents\github\breakout\breakout\breakout\release\backgroundmusic.obj
c:\users\edvin\documents\github\breakout\breakout\breakout.pdb
c:\users\edvin\documents\github\breakout\breakout\breakout\release\breakout.tlog\cl.command.1.tlog
c:\users\edvin\documents\github\breakout\breakout\breakout\release\breakout.tlog\cl.read.1.tlog
c:\users\edvin\documents\github\breakout\breakout\breakout\release\breakout.tlog\cl.write.1.tlog
c:\users\edvin\documents\github\breakout\breakout\breakout\release\breakout.tlog\link.command.1.tlog
c:\users\edvin\documents\github\breakout\breakout\breakout\release\breakout.tlog\link.read.1.tlog
c:\users\edvin\documents\github\breakout\breakout\breakout\release\breakout.tlog\link.write.1.tlog
