  Ball.cpp
c:\users\edvin\google drive\breakout\breakout\breakout\Ball.h(35): warning C4305: 'initializing': truncation from 'double' to 'float'
Ball.cpp(68): warning C4244: 'initializing': conversion from 'double' to 'float', possible loss of data
Ball.cpp(71): warning C4244: '=': conversion from 'double' to 'float', possible loss of data
Ball.cpp(94): warning C4244: '+=': conversion from 'double' to 'float', possible loss of data
Ball.cpp(95): warning C4244: '+=': conversion from 'double' to 'float', possible loss of data
  Board.cpp
  GameManager.cpp
c:\users\edvin\google drive\breakout\breakout\breakout\Ball.h(35): warning C4305: 'initializing': truncation from 'double' to 'float'
GameManager.cpp(137): warning C4244: '=': conversion from 'float' to 'int', possible loss of data
GameManager.cpp(138): warning C4244: '=': conversion from 'float' to 'int', possible loss of data
  InputManager.cpp
  Main.cpp
c:\users\edvin\google drive\breakout\breakout\breakout\Ball.h(35): warning C4305: 'initializing': truncation from 'double' to 'float'
  MediaManager.cpp
  Paddle.cpp
Paddle.cpp(46): warning C4244: '+=': conversion from 'double' to 'float', possible loss of data
Paddle.cpp(55): warning C4244: '=': conversion from 'int' to 'float', possible loss of data
  Piece.cpp
c:\users\edvin\google drive\breakout\breakout\breakout\Ball.h(35): warning C4305: 'initializing': truncation from 'double' to 'float'
Piece.cpp(30): warning C4800: 'SDL_bool': forcing value to bool 'true' or 'false' (performance warning)
  Texture.cpp
Texture.cpp(38): warning C4838: conversion from 'const float' to 'int' requires a narrowing conversion
Texture.cpp(38): warning C4244: 'initializing': conversion from 'const float' to 'int', possible loss of data
  Timer.cpp
  Window.cpp
  Generating code
  154 of 155 functions (99.4%) were compiled, the rest were copied from previous compilation.
    74 functions were new in current compilation
    0 functions had inline decision re-evaluated but remain unchanged
  Finished generating code
  BreakOut.vcxproj -> C:\Users\Edvin\Google Drive\Breakout\BreakOut\BreakOut.exe
