  Window.cpp
  Timer.cpp
  Texture.cpp
c:\users\edvin\google drive\breakout\breakout\breakout\texture.cpp(7): warning C4067: unexpected tokens following preprocessor directive - expected a newline
c:\users\edvin\google drive\breakout\breakout\breakout\texture.cpp(39): warning C4838: conversion from 'const float' to 'int' requires a narrowing conversion
c:\users\edvin\google drive\breakout\breakout\breakout\texture.cpp(39): warning C4244: 'initializing': conversion from 'const float' to 'int', possible loss of data
  TextRender.cpp
  Piece.cpp
c:\users\edvin\google drive\breakout\breakout\breakout\ball.h(42): warning C4305: 'initializing': truncation from 'double' to 'float'
c:\users\edvin\google drive\breakout\breakout\breakout\piece.cpp(30): warning C4800: 'SDL_bool': forcing value to bool 'true' or 'false' (performance warning)
  Paddle.cpp
c:\users\edvin\google drive\breakout\breakout\breakout\paddle.cpp(46): warning C4244: '+=': conversion from 'double' to 'float', possible loss of data
c:\users\edvin\google drive\breakout\breakout\breakout\paddle.cpp(55): warning C4244: '=': conversion from 'int' to 'float', possible loss of data
  MediaManager.cpp
  Main.cpp
c:\users\edvin\google drive\breakout\breakout\breakout\ball.h(42): warning C4305: 'initializing': truncation from 'double' to 'float'
c:\users\edvin\google drive\breakout\breakout\breakout\backgroundmusic.h(3): fatal error C1083: Cannot open include file: 'SDL_mixer.h': No such file or directory
  InputManager.cpp
  GameManager.cpp
c:\users\edvin\google drive\breakout\breakout\breakout\ball.h(42): warning C4305: 'initializing': truncation from 'double' to 'float'
c:\users\edvin\google drive\breakout\breakout\breakout\backgroundmusic.h(3): fatal error C1083: Cannot open include file: 'SDL_mixer.h': No such file or directory
  Board.cpp
  Ball.cpp
c:\users\edvin\google drive\breakout\breakout\breakout\ball.h(42): warning C4305: 'initializing': truncation from 'double' to 'float'
c:\users\edvin\google drive\breakout\breakout\breakout\ball.cpp(69): warning C4244: 'initializing': conversion from 'double' to 'float', possible loss of data
c:\users\edvin\google drive\breakout\breakout\breakout\ball.cpp(72): warning C4244: '=': conversion from 'double' to 'float', possible loss of data
c:\users\edvin\google drive\breakout\breakout\breakout\ball.cpp(92): warning C4244: '+=': conversion from 'double' to 'float', possible loss of data
c:\users\edvin\google drive\breakout\breakout\breakout\ball.cpp(93): warning C4244: '+=': conversion from 'double' to 'float', possible loss of data
  BackgroundMusic.cpp
c:\users\edvin\google drive\breakout\breakout\breakout\backgroundmusic.h(3): fatal error C1083: Cannot open include file: 'SDL_mixer.h': No such file or directory
  Generating Code...
