c:\users\edvin\google drive\cpp\breakout\breakout\debug\vc140.pdb
c:\users\edvin\google drive\cpp\breakout\breakout\debug\vc140.idb
c:\users\edvin\google drive\cpp\breakout\breakout\debug\ball.obj
c:\users\edvin\google drive\cpp\breakout\breakout\debug\board.obj
c:\users\edvin\google drive\cpp\breakout\breakout\debug\gamemanager.obj
c:\users\edvin\google drive\cpp\breakout\breakout\debug\inputmanager.obj
c:\users\edvin\google drive\cpp\breakout\breakout\debug\main.obj
c:\users\edvin\google drive\cpp\breakout\breakout\debug\mediamanager.obj
c:\users\edvin\google drive\cpp\breakout\breakout\debug\paddle.obj
c:\users\edvin\google drive\cpp\breakout\breakout\debug\piece.obj
c:\users\edvin\google drive\cpp\breakout\breakout\debug\texture.obj
c:\users\edvin\google drive\cpp\breakout\breakout\debug\timer.obj
c:\users\edvin\google drive\cpp\breakout\breakout\debug\window.obj
c:\users\edvin\google drive\cpp\breakout\breakout.ilk
c:\users\edvin\google drive\cpp\breakout\breakout.exe
c:\users\edvin\google drive\cpp\breakout\breakout.pdb
c:\users\edvin\google drive\cpp\breakout\breakout\debug\breakout.tlog\cl.command.1.tlog
c:\users\edvin\google drive\cpp\breakout\breakout\debug\breakout.tlog\cl.read.1.tlog
c:\users\edvin\google drive\cpp\breakout\breakout\debug\breakout.tlog\cl.write.1.tlog
c:\users\edvin\google drive\cpp\breakout\breakout\debug\breakout.tlog\link.command.1.tlog
c:\users\edvin\google drive\cpp\breakout\breakout\debug\breakout.tlog\link.read.1.tlog
c:\users\edvin\google drive\cpp\breakout\breakout\debug\breakout.tlog\link.write.1.tlog
