Build started 4/13/2016 3:24:09 AM.
Project "C:\Users\Edvin\Documents\GitHub\Breakout\BreakOut\BreakOut\BreakOut.vcxproj" on node 2 (Build target(s)).
ClCompile:
  C:\Program Files (x86)\Microsoft Visual Studio 14.0\VC\bin\CL.exe /c /IC:\Users\Edvin\Documents\GitHub\Breakout\BreakOut\packages\sdl2_image.v140.2.0.1\build\native\../..//build/native/include/ /I"C:\Users\Edvin\Documents\GitHub\Breakout\BreakOut\packages\zlib.v140.windesktop.msvcstl.dyn.rt-dyn.1.2.8.8\build\native\include" /IC:\Users\Edvin\Documents\GitHub\Breakout\BreakOut\packages\sdl2.v140.2.0.4\build\native\../..//build/native/include/ /IC:\Users\Edvin\Documents\GitHub\Breakout\BreakOut\packages\sdl2_ttf.v140.2.0.14\build\native\../..//build/native/include/ /ZI /nologo /W3 /WX- /sdl /Od /Oy- /D WIN32 /D _DEBUG /D _CONSOLE /D _UNICODE /D UNICODE /Gm /EHsc /RTC1 /MDd /GS /fp:precise /Zc:wchar_t /Zc:forScope /Zc:inline /Fo"Debug\\" /Fd"Debug\vc140.pdb" /Gd /TP /analyze- /errorReport:prompt GameManager.cpp Main.cpp Piece.cpp
  GameManager.cpp
c:\users\edvin\documents\github\breakout\breakout\breakout\ball.h(42): warning C4305: 'initializing': truncation from 'double' to 'float'
c:\users\edvin\documents\github\breakout\breakout\breakout\gamemanager.cpp(116): warning C4551: function call missing argument list
c:\users\edvin\documents\github\breakout\breakout\breakout\gamemanager.cpp(121): warning C4551: function call missing argument list
c:\users\edvin\documents\github\breakout\breakout\breakout\gamemanager.cpp(185): warning C4244: '=': conversion from 'float' to 'int', possible loss of data
c:\users\edvin\documents\github\breakout\breakout\breakout\gamemanager.cpp(186): warning C4244: '=': conversion from 'float' to 'int', possible loss of data
c:\users\edvin\documents\github\breakout\breakout\breakout\gamemanager.cpp(231): warning C4244: 'argument': conversion from 'time_t' to 'unsigned int', possible loss of data
c:\users\edvin\documents\github\breakout\breakout\breakout\gamemanager.cpp(242): warning C4244: 'argument': conversion from 'double' to 'Uint8', possible loss of data
  Generating Code...
  Compiling...
  Piece.cpp
c:\users\edvin\documents\github\breakout\breakout\breakout\ball.h(42): warning C4305: 'initializing': truncation from 'double' to 'float'
c:\users\edvin\documents\github\breakout\breakout\breakout\piece.cpp(30): warning C4800: 'SDL_bool': forcing value to bool 'true' or 'false' (performance warning)
  Main.cpp
c:\users\edvin\documents\github\breakout\breakout\breakout\ball.h(42): warning C4305: 'initializing': truncation from 'double' to 'float'
  Generating Code...
Link:
  C:\Program Files (x86)\Microsoft Visual Studio 14.0\VC\bin\link.exe /ERRORREPORT:PROMPT /OUT:"C:\Users\Edvin\Documents\GitHub\Breakout\BreakOut\BreakOut.exe" /INCREMENTAL /NOLOGO C:\Users\Edvin\Documents\GitHub\Breakout\BreakOut\packages\sdl2_image.v140.2.0.1\build\native\../..//build/native/lib/Win32\Debug\sdl2_image.lib "C:\Users\Edvin\Documents\GitHub\Breakout\BreakOut\packages\zlib.v140.windesktop.msvcstl.dyn.rt-dyn.1.2.8.8\build\native\..\..\lib\native\v140\windesktop\msvcstl\dyn\rt-dyn\Win32\Debug\zlibd.lib" C:\Users\Edvin\Documents\GitHub\Breakout\BreakOut\packages\sdl2.v140.2.0.4\build\native\../..//build/native/lib/Win32\Debug\SDL2main.lib C:\Users\Edvin\Documents\GitHub\Breakout\BreakOut\packages\sdl2.v140.2.0.4\build\native\../..//build/native/lib/Win32\Debug\SDL2.lib C:\Users\Edvin\Documents\GitHub\Breakout\BreakOut\packages\sdl2_ttf.v140.2.0.14\build\native\../..//build/native/lib/Win32\Debug\SDL2_ttf.lib SDL2_mixer.lib kernel32.lib user32.lib gdi32.lib winspool.lib comdlg32.lib advapi32.lib shell32.lib ole32.lib oleaut32.lib uuid.lib odbc32.lib odbccp32.lib /MANIFEST /MANIFESTUAC:"level='asInvoker' uiAccess='false'" /manifest:embed /Debug /PDB:"C:\Users\Edvin\Documents\GitHub\Breakout\BreakOut\BreakOut.pdb" /SUBSYSTEM:CONSOLE /TLBID:1 /DYNAMICBASE /NXCOMPAT /IMPLIB:"C:\Users\Edvin\Documents\GitHub\Breakout\BreakOut\BreakOut.lib" /MACHINE:X86 Debug\BackgroundMusic.obj
  Debug\Ball.obj
  Debug\Board.obj
  Debug\GameManager.obj
  Debug\InputManager.obj
  Debug\Main.obj
  Debug\MediaManager.obj
  Debug\Paddle.obj
  Debug\Piece.obj
  Debug\TextRender.obj
  Debug\Texture.obj
  Debug\Timer.obj
  Debug\Window.obj
  BreakOut.vcxproj -> C:\Users\Edvin\Documents\GitHub\Breakout\BreakOut\BreakOut.exe
Done Building Project "C:\Users\Edvin\Documents\GitHub\Breakout\BreakOut\BreakOut\BreakOut.vcxproj" (Build target(s)).

Build succeeded.

Time Elapsed 00:00:04.29
